[0.905s] Invoking command in '/home/evangelista/ros2_ws/src/meu_robo': PYTHONPATH=/home/evangelista/ros2_ws/build/meu_robo/prefix_override:/usr/lib/python3/dist-packages/colcon_core/task/python/colcon_distutils_commands:/home/evangelista/ros2_ws/install/meu_robo/lib/python3.10/site-packages:${PYTHONPATH} /usr/bin/python3 -W ignore:setup.py install is deprecated -W ignore:easy_install command is deprecated setup.py egg_info --egg-base ../../build/meu_robo build --build-base /home/evangelista/ros2_ws/build/meu_robo/build install --record /home/evangelista/ros2_ws/build/meu_robo/install.log --single-version-externally-managed install_data
[1.160s] running egg_info
[1.161s] writing ../../build/meu_robo/meu_robo.egg-info/PKG-INFO
[1.161s] writing dependency_links to ../../build/meu_robo/meu_robo.egg-info/dependency_links.txt
[1.162s] writing entry points to ../../build/meu_robo/meu_robo.egg-info/entry_points.txt
[1.162s] writing requirements to ../../build/meu_robo/meu_robo.egg-info/requires.txt
[1.162s] writing top-level names to ../../build/meu_robo/meu_robo.egg-info/top_level.txt
[1.165s] reading manifest file '../../build/meu_robo/meu_robo.egg-info/SOURCES.txt'
[1.166s] writing manifest file '../../build/meu_robo/meu_robo.egg-info/SOURCES.txt'
[1.166s] running build
[1.166s] running build_py
[1.167s] running install
[1.167s] running install_lib
[1.171s] running install_data
[1.171s] running install_egg_info
[1.173s] removing '/home/evangelista/ros2_ws/install/meu_robo/lib/python3.10/site-packages/meu_robo-0.0.0-py3.10.egg-info' (and everything under it)
[1.177s] Copying ../../build/meu_robo/meu_robo.egg-info to /home/evangelista/ros2_ws/install/meu_robo/lib/python3.10/site-packages/meu_robo-0.0.0-py3.10.egg-info
[1.180s] running install_scripts
[1.201s] Installing controle script to /home/evangelista/ros2_ws/install/meu_robo/lib/meu_robo
[1.201s] Installing publicador_urdf script to /home/evangelista/ros2_ws/install/meu_robo/lib/meu_robo
[1.202s] writing list of installed files to '/home/evangelista/ros2_ws/build/meu_robo/install.log'
[1.240s] Invoked command in '/home/evangelista/ros2_ws/src/meu_robo' returned '0': PYTHONPATH=/home/evangelista/ros2_ws/build/meu_robo/prefix_override:/usr/lib/python3/dist-packages/colcon_core/task/python/colcon_distutils_commands:/home/evangelista/ros2_ws/install/meu_robo/lib/python3.10/site-packages:${PYTHONPATH} /usr/bin/python3 -W ignore:setup.py install is deprecated -W ignore:easy_install command is deprecated setup.py egg_info --egg-base ../../build/meu_robo build --build-base /home/evangelista/ros2_ws/build/meu_robo/build install --record /home/evangelista/ros2_ws/build/meu_robo/install.log --single-version-externally-managed install_data
