[1.002s] Invoking command in '/home/evangelista/ros2_ws/build/meu_robo': PYTHONPATH=/home/evangelista/ros2_ws/build/meu_robo/prefix_override:/usr/lib/python3/dist-packages/colcon_core/task/python/colcon_distutils_commands:/home/evangelista/ros2_ws/install/meu_robo/lib/python3.10/site-packages:${PYTHONPATH} /usr/bin/python3 -W ignore:setup.py install is deprecated -W ignore:easy_install command is deprecated setup.py develop --uninstall --editable --build-directory /home/evangelista/ros2_ws/build/meu_robo/build
[1.265s] running develop
[1.424s] Removing /home/evangelista/ros2_ws/install/meu_robo/lib/python3.10/site-packages/meu-robo.egg-link (link to .)
[1.456s] Invoked command in '/home/evangelista/ros2_ws/build/meu_robo' returned '0': PYTHONPATH=/home/evangelista/ros2_ws/build/meu_robo/prefix_override:/usr/lib/python3/dist-packages/colcon_core/task/python/colcon_distutils_commands:/home/evangelista/ros2_ws/install/meu_robo/lib/python3.10/site-packages:${PYTHONPATH} /usr/bin/python3 -W ignore:setup.py install is deprecated -W ignore:easy_install command is deprecated setup.py develop --uninstall --editable --build-directory /home/evangelista/ros2_ws/build/meu_robo/build
[1.457s] Invoking command in '/home/evangelista/ros2_ws/src/meu_robo': PYTHONPATH=/home/evangelista/ros2_ws/build/meu_robo/prefix_override:/usr/lib/python3/dist-packages/colcon_core/task/python/colcon_distutils_commands:/home/evangelista/ros2_ws/install/meu_robo/lib/python3.10/site-packages:${PYTHONPATH} /usr/bin/python3 -W ignore:setup.py install is deprecated -W ignore:easy_install command is deprecated setup.py egg_info --egg-base ../../build/meu_robo build --build-base /home/evangelista/ros2_ws/build/meu_robo/build install --record /home/evangelista/ros2_ws/build/meu_robo/install.log --single-version-externally-managed install_data --force
[1.707s] running egg_info
[1.708s] writing ../../build/meu_robo/meu_robo.egg-info/PKG-INFO
[1.708s] writing dependency_links to ../../build/meu_robo/meu_robo.egg-info/dependency_links.txt
[1.708s] writing entry points to ../../build/meu_robo/meu_robo.egg-info/entry_points.txt
[1.708s] writing requirements to ../../build/meu_robo/meu_robo.egg-info/requires.txt
[1.708s] writing top-level names to ../../build/meu_robo/meu_robo.egg-info/top_level.txt
[1.711s] reading manifest file '../../build/meu_robo/meu_robo.egg-info/SOURCES.txt'
[1.712s] writing manifest file '../../build/meu_robo/meu_robo.egg-info/SOURCES.txt'
[1.712s] running build
[1.712s] running build_py
[1.713s] copying meu_robo/publicador_urdf.py -> /home/evangelista/ros2_ws/build/meu_robo/build/lib/meu_robo
[1.714s] running install
[1.714s] running install_lib
[1.715s] creating /home/evangelista/ros2_ws/install/meu_robo/lib/python3.10/site-packages/meu_robo
[1.715s] copying /home/evangelista/ros2_ws/build/meu_robo/build/lib/meu_robo/publicador_marcador.py -> /home/evangelista/ros2_ws/install/meu_robo/lib/python3.10/site-packages/meu_robo
[1.715s] copying /home/evangelista/ros2_ws/build/meu_robo/build/lib/meu_robo/controle.py -> /home/evangelista/ros2_ws/install/meu_robo/lib/python3.10/site-packages/meu_robo
[1.716s] copying /home/evangelista/ros2_ws/build/meu_robo/build/lib/meu_robo/publicador_urdf.py -> /home/evangelista/ros2_ws/install/meu_robo/lib/python3.10/site-packages/meu_robo
[1.716s] copying /home/evangelista/ros2_ws/build/meu_robo/build/lib/meu_robo/__init__.py -> /home/evangelista/ros2_ws/install/meu_robo/lib/python3.10/site-packages/meu_robo
[1.716s] byte-compiling /home/evangelista/ros2_ws/install/meu_robo/lib/python3.10/site-packages/meu_robo/publicador_marcador.py to publicador_marcador.cpython-310.pyc
[1.717s] byte-compiling /home/evangelista/ros2_ws/install/meu_robo/lib/python3.10/site-packages/meu_robo/controle.py to controle.cpython-310.pyc
[1.717s] byte-compiling /home/evangelista/ros2_ws/install/meu_robo/lib/python3.10/site-packages/meu_robo/publicador_urdf.py to publicador_urdf.cpython-310.pyc
[1.718s] byte-compiling /home/evangelista/ros2_ws/install/meu_robo/lib/python3.10/site-packages/meu_robo/__init__.py to __init__.cpython-310.pyc
[1.718s] running install_data
[1.719s] copying resource/meu_robo -> /home/evangelista/ros2_ws/install/meu_robo/share/ament_index/resource_index/packages
[1.719s] copying package.xml -> /home/evangelista/ros2_ws/install/meu_robo/share/meu_robo
[1.719s] running install_egg_info
[1.721s] Copying ../../build/meu_robo/meu_robo.egg-info to /home/evangelista/ros2_ws/install/meu_robo/lib/python3.10/site-packages/meu_robo-0.0.0-py3.10.egg-info
[1.722s] running install_scripts
[1.742s] Installing controle script to /home/evangelista/ros2_ws/install/meu_robo/lib/meu_robo
[1.742s] Installing publicador_marcador script to /home/evangelista/ros2_ws/install/meu_robo/lib/meu_robo
[1.742s] Installing publicador_urdf script to /home/evangelista/ros2_ws/install/meu_robo/lib/meu_robo
[1.743s] writing list of installed files to '/home/evangelista/ros2_ws/build/meu_robo/install.log'
[1.772s] Invoked command in '/home/evangelista/ros2_ws/src/meu_robo' returned '0': PYTHONPATH=/home/evangelista/ros2_ws/build/meu_robo/prefix_override:/usr/lib/python3/dist-packages/colcon_core/task/python/colcon_distutils_commands:/home/evangelista/ros2_ws/install/meu_robo/lib/python3.10/site-packages:${PYTHONPATH} /usr/bin/python3 -W ignore:setup.py install is deprecated -W ignore:easy_install command is deprecated setup.py egg_info --egg-base ../../build/meu_robo build --build-base /home/evangelista/ros2_ws/build/meu_robo/build install --record /home/evangelista/ros2_ws/build/meu_robo/install.log --single-version-externally-managed install_data --force
