running egg_info
creating ../../build/meu_robo/meu_robo.egg-info
writing ../../build/meu_robo/meu_robo.egg-info/PKG-INFO
writing dependency_links to ../../build/meu_robo/meu_robo.egg-info/dependency_links.txt
writing entry points to ../../build/meu_robo/meu_robo.egg-info/entry_points.txt
writing requirements to ../../build/meu_robo/meu_robo.egg-info/requires.txt
writing top-level names to ../../build/meu_robo/meu_robo.egg-info/top_level.txt
writing manifest file '../../build/meu_robo/meu_robo.egg-info/SOURCES.txt'
reading manifest file '../../build/meu_robo/meu_robo.egg-info/SOURCES.txt'
writing manifest file '../../build/meu_robo/meu_robo.egg-info/SOURCES.txt'
running build
running build_py
creating /home/evangelista/ros2_ws/build/meu_robo/build
creating /home/evangelista/ros2_ws/build/meu_robo/build/lib
creating /home/evangelista/ros2_ws/build/meu_robo/build/lib/meu_robo
copying meu_robo/__init__.py -> /home/evangelista/ros2_ws/build/meu_robo/build/lib/meu_robo
running install
running install_lib
creating /home/evangelista/ros2_ws/install/meu_robo/lib/python3.10/site-packages/meu_robo
copying /home/evangelista/ros2_ws/build/meu_robo/build/lib/meu_robo/__init__.py -> /home/evangelista/ros2_ws/install/meu_robo/lib/python3.10/site-packages/meu_robo
byte-compiling /home/evangelista/ros2_ws/install/meu_robo/lib/python3.10/site-packages/meu_robo/__init__.py to __init__.cpython-310.pyc
running install_data
creating /home/evangelista/ros2_ws/install/meu_robo/share/ament_index
creating /home/evangelista/ros2_ws/install/meu_robo/share/ament_index/resource_index
creating /home/evangelista/ros2_ws/install/meu_robo/share/ament_index/resource_index/packages
copying resource/meu_robo -> /home/evangelista/ros2_ws/install/meu_robo/share/ament_index/resource_index/packages
copying package.xml -> /home/evangelista/ros2_ws/install/meu_robo/share/meu_robo
running install_egg_info
Copying ../../build/meu_robo/meu_robo.egg-info to /home/evangelista/ros2_ws/install/meu_robo/lib/python3.10/site-packages/meu_robo-0.0.0-py3.10.egg-info
running install_scripts
writing list of installed files to '/home/evangelista/ros2_ws/build/meu_robo/install.log'
