[0.835s] Invoking command in '/home/evangelista/ros2_ws/src/meu_robo': PYTHONPATH=/home/evangelista/ros2_ws/build/meu_robo/prefix_override:/usr/lib/python3/dist-packages/colcon_core/task/python/colcon_distutils_commands:/home/evangelista/ros2_ws/install/meu_robo/lib/python3.10/site-packages:${PYTHONPATH} /usr/bin/python3 -W ignore:setup.py install is deprecated -W ignore:easy_install command is deprecated setup.py egg_info --egg-base ../../build/meu_robo build --build-base /home/evangelista/ros2_ws/build/meu_robo/build install --record /home/evangelista/ros2_ws/build/meu_robo/install.log --single-version-externally-managed install_data
[1.066s] running egg_info
[1.066s] creating ../../build/meu_robo/meu_robo.egg-info
[1.067s] writing ../../build/meu_robo/meu_robo.egg-info/PKG-INFO
[1.069s] writing dependency_links to ../../build/meu_robo/meu_robo.egg-info/dependency_links.txt
[1.069s] writing entry points to ../../build/meu_robo/meu_robo.egg-info/entry_points.txt
[1.069s] writing requirements to ../../build/meu_robo/meu_robo.egg-info/requires.txt
[1.069s] writing top-level names to ../../build/meu_robo/meu_robo.egg-info/top_level.txt
[1.069s] writing manifest file '../../build/meu_robo/meu_robo.egg-info/SOURCES.txt'
[1.071s] reading manifest file '../../build/meu_robo/meu_robo.egg-info/SOURCES.txt'
[1.071s] writing manifest file '../../build/meu_robo/meu_robo.egg-info/SOURCES.txt'
[1.071s] running build
[1.072s] running build_py
[1.072s] creating /home/evangelista/ros2_ws/build/meu_robo/build
[1.072s] creating /home/evangelista/ros2_ws/build/meu_robo/build/lib
[1.073s] creating /home/evangelista/ros2_ws/build/meu_robo/build/lib/meu_robo
[1.073s] copying meu_robo/__init__.py -> /home/evangelista/ros2_ws/build/meu_robo/build/lib/meu_robo
[1.074s] running install
[1.074s] running install_lib
[1.075s] creating /home/evangelista/ros2_ws/install/meu_robo/lib/python3.10/site-packages/meu_robo
[1.076s] copying /home/evangelista/ros2_ws/build/meu_robo/build/lib/meu_robo/__init__.py -> /home/evangelista/ros2_ws/install/meu_robo/lib/python3.10/site-packages/meu_robo
[1.076s] byte-compiling /home/evangelista/ros2_ws/install/meu_robo/lib/python3.10/site-packages/meu_robo/__init__.py to __init__.cpython-310.pyc
[1.077s] running install_data
[1.077s] creating /home/evangelista/ros2_ws/install/meu_robo/share/ament_index
[1.077s] creating /home/evangelista/ros2_ws/install/meu_robo/share/ament_index/resource_index
[1.077s] creating /home/evangelista/ros2_ws/install/meu_robo/share/ament_index/resource_index/packages
[1.077s] copying resource/meu_robo -> /home/evangelista/ros2_ws/install/meu_robo/share/ament_index/resource_index/packages
[1.078s] copying package.xml -> /home/evangelista/ros2_ws/install/meu_robo/share/meu_robo
[1.078s] running install_egg_info
[1.079s] Copying ../../build/meu_robo/meu_robo.egg-info to /home/evangelista/ros2_ws/install/meu_robo/lib/python3.10/site-packages/meu_robo-0.0.0-py3.10.egg-info
[1.081s] running install_scripts
[1.096s] writing list of installed files to '/home/evangelista/ros2_ws/build/meu_robo/install.log'
[1.121s] Invoked command in '/home/evangelista/ros2_ws/src/meu_robo' returned '0': PYTHONPATH=/home/evangelista/ros2_ws/build/meu_robo/prefix_override:/usr/lib/python3/dist-packages/colcon_core/task/python/colcon_distutils_commands:/home/evangelista/ros2_ws/install/meu_robo/lib/python3.10/site-packages:${PYTHONPATH} /usr/bin/python3 -W ignore:setup.py install is deprecated -W ignore:easy_install command is deprecated setup.py egg_info --egg-base ../../build/meu_robo build --build-base /home/evangelista/ros2_ws/build/meu_robo/build install --record /home/evangelista/ros2_ws/build/meu_robo/install.log --single-version-externally-managed install_data
