running egg_info
writing ../../build/meu_robo/meu_robo.egg-info/PKG-INFO
writing dependency_links to ../../build/meu_robo/meu_robo.egg-info/dependency_links.txt
writing entry points to ../../build/meu_robo/meu_robo.egg-info/entry_points.txt
writing requirements to ../../build/meu_robo/meu_robo.egg-info/requires.txt
writing top-level names to ../../build/meu_robo/meu_robo.egg-info/top_level.txt
reading manifest file '../../build/meu_robo/meu_robo.egg-info/SOURCES.txt'
writing manifest file '../../build/meu_robo/meu_robo.egg-info/SOURCES.txt'
running build
running build_py
running install
running install_lib
running install_data
running install_egg_info
removing '/home/evangelista/ros2_ws/install/meu_robo/lib/python3.10/site-packages/meu_robo-0.0.0-py3.10.egg-info' (and everything under it)
Copying ../../build/meu_robo/meu_robo.egg-info to /home/evangelista/ros2_ws/install/meu_robo/lib/python3.10/site-packages/meu_robo-0.0.0-py3.10.egg-info
running install_scripts
Installing controle script to /home/evangelista/ros2_ws/install/meu_robo/lib/meu_robo
Installing publicador_marcador script to /home/evangelista/ros2_ws/install/meu_robo/lib/meu_robo
Installing publicador_urdf script to /home/evangelista/ros2_ws/install/meu_robo/lib/meu_robo
writing list of installed files to '/home/evangelista/ros2_ws/build/meu_robo/install.log'
