/home/evangelista/ros2_ws/install/meu_robo/lib/python3.10/site-packages/meu_robo/publicador_marcador.py
/home/evangelista/ros2_ws/install/meu_robo/lib/python3.10/site-packages/meu_robo/controle.py
/home/evangelista/ros2_ws/install/meu_robo/lib/python3.10/site-packages/meu_robo/publicador_urdf.py
/home/evangelista/ros2_ws/install/meu_robo/lib/python3.10/site-packages/meu_robo/__init__.py
/home/evangelista/ros2_ws/install/meu_robo/lib/python3.10/site-packages/meu_robo/__pycache__/publicador_marcador.cpython-310.pyc
/home/evangelista/ros2_ws/install/meu_robo/lib/python3.10/site-packages/meu_robo/__pycache__/controle.cpython-310.pyc
/home/evangelista/ros2_ws/install/meu_robo/lib/python3.10/site-packages/meu_robo/__pycache__/publicador_urdf.cpython-310.pyc
/home/evangelista/ros2_ws/install/meu_robo/lib/python3.10/site-packages/meu_robo/__pycache__/__init__.cpython-310.pyc
/home/evangelista/ros2_ws/install/meu_robo/share/ament_index/resource_index/packages/meu_robo
/home/evangelista/ros2_ws/install/meu_robo/share/meu_robo/package.xml
/home/evangelista/ros2_ws/install/meu_robo/lib/python3.10/site-packages/meu_robo-0.0.0-py3.10.egg-info/SOURCES.txt
/home/evangelista/ros2_ws/install/meu_robo/lib/python3.10/site-packages/meu_robo-0.0.0-py3.10.egg-info/dependency_links.txt
/home/evangelista/ros2_ws/install/meu_robo/lib/python3.10/site-packages/meu_robo-0.0.0-py3.10.egg-info/entry_points.txt
/home/evangelista/ros2_ws/install/meu_robo/lib/python3.10/site-packages/meu_robo-0.0.0-py3.10.egg-info/PKG-INFO
/home/evangelista/ros2_ws/install/meu_robo/lib/python3.10/site-packages/meu_robo-0.0.0-py3.10.egg-info/top_level.txt
/home/evangelista/ros2_ws/install/meu_robo/lib/python3.10/site-packages/meu_robo-0.0.0-py3.10.egg-info/requires.txt
/home/evangelista/ros2_ws/install/meu_robo/lib/python3.10/site-packages/meu_robo-0.0.0-py3.10.egg-info/zip-safe
/home/evangelista/ros2_ws/install/meu_robo/lib/meu_robo/controle
/home/evangelista/ros2_ws/install/meu_robo/lib/meu_robo/publicador_marcador
/home/evangelista/ros2_ws/install/meu_robo/lib/meu_robo/publicador_urdf
