[0.172s] DEBUG:colcon:Command line arguments: ['/usr/bin/colcon', 'build', '--symlink-install']
[0.172s] DEBUG:colcon:Parsed command line arguments: Namespace(log_base=None, log_level=None, verb_name='build', build_base='build', install_base='install', merge_install=False, symlink_install=True, test_result_base=None, continue_on_error=False, executor='parallel', parallel_workers=4, event_handlers=None, ignore_user_meta=False, metas=['./colcon.meta'], base_paths=['.'], packages_ignore=None, packages_ignore_regex=None, paths=None, packages_up_to=None, packages_up_to_regex=None, packages_above=None, packages_above_and_dependencies=None, packages_above_depth=None, packages_select_by_dep=None, packages_skip_by_dep=None, packages_skip_up_to=None, packages_select_build_failed=False, packages_skip_build_finished=False, packages_select_test_failures=False, packages_skip_test_passed=False, packages_select=None, packages_skip=None, packages_select_regex=None, packages_skip_regex=None, packages_start=None, packages_end=None, allow_overriding=[], cmake_args=None, cmake_target=None, cmake_target_skip_unavailable=False, cmake_clean_cache=False, cmake_clean_first=False, cmake_force_configure=False, ament_cmake_args=None, catkin_cmake_args=None, catkin_skip_building_tests=False, verb_parser=<colcon_defaults.argument_parser.defaults.DefaultArgumentsDecorator object at 0x7f2d2c3a2fb0>, verb_extension=<colcon_core.verb.build.BuildVerb object at 0x7f2d2c3a2aa0>, main=<bound method BuildVerb.main of <colcon_core.verb.build.BuildVerb object at 0x7f2d2c3a2aa0>>)
[0.349s] Level 1:colcon.colcon_core.package_discovery:discover_packages(colcon_meta) check parameters
[0.349s] Level 1:colcon.colcon_core.package_discovery:discover_packages(recursive) check parameters
[0.349s] Level 1:colcon.colcon_core.package_discovery:discover_packages(ignore) check parameters
[0.349s] Level 1:colcon.colcon_core.package_discovery:discover_packages(path) check parameters
[0.349s] Level 1:colcon.colcon_core.package_discovery:discover_packages(colcon_meta) discover
[0.349s] Level 1:colcon.colcon_core.package_discovery:discover_packages(recursive) discover
[0.349s] INFO:colcon.colcon_core.package_discovery:Crawling recursively for packages in '/home/evangelista/ros2_ws'
[0.349s] Level 1:colcon.colcon_core.package_identification:_identify(.) by extensions ['ignore', 'ignore_ament_install']
[0.349s] Level 1:colcon.colcon_core.package_identification:_identify(.) by extension 'ignore'
[0.349s] Level 1:colcon.colcon_core.package_identification:_identify(.) by extension 'ignore_ament_install'
[0.349s] Level 1:colcon.colcon_core.package_identification:_identify(.) by extensions ['colcon_pkg']
[0.349s] Level 1:colcon.colcon_core.package_identification:_identify(.) by extension 'colcon_pkg'
[0.349s] Level 1:colcon.colcon_core.package_identification:_identify(.) by extensions ['colcon_meta']
[0.349s] Level 1:colcon.colcon_core.package_identification:_identify(.) by extension 'colcon_meta'
[0.349s] Level 1:colcon.colcon_core.package_identification:_identify(.) by extensions ['ros']
[0.349s] Level 1:colcon.colcon_core.package_identification:_identify(.) by extension 'ros'
[0.362s] Level 1:colcon.colcon_core.package_identification:_identify(.) by extensions ['cmake', 'python']
[0.362s] Level 1:colcon.colcon_core.package_identification:_identify(.) by extension 'cmake'
[0.362s] Level 1:colcon.colcon_core.package_identification:_identify(.) by extension 'python'
[0.362s] Level 1:colcon.colcon_core.package_identification:_identify(.) by extensions ['python_setup_py']
[0.362s] Level 1:colcon.colcon_core.package_identification:_identify(.) by extension 'python_setup_py'
[0.362s] Level 1:colcon.colcon_core.package_identification:_identify(build) by extensions ['ignore', 'ignore_ament_install']
[0.362s] Level 1:colcon.colcon_core.package_identification:_identify(build) by extension 'ignore'
[0.362s] Level 1:colcon.colcon_core.package_identification:_identify(build) ignored
[0.362s] Level 1:colcon.colcon_core.package_identification:_identify(install) by extensions ['ignore', 'ignore_ament_install']
[0.362s] Level 1:colcon.colcon_core.package_identification:_identify(install) by extension 'ignore'
[0.362s] Level 1:colcon.colcon_core.package_identification:_identify(install) ignored
[0.362s] Level 1:colcon.colcon_core.package_identification:_identify(log) by extensions ['ignore', 'ignore_ament_install']
[0.362s] Level 1:colcon.colcon_core.package_identification:_identify(log) by extension 'ignore'
[0.362s] Level 1:colcon.colcon_core.package_identification:_identify(log) ignored
[0.363s] Level 1:colcon.colcon_core.package_identification:_identify(src) by extensions ['ignore', 'ignore_ament_install']
[0.363s] Level 1:colcon.colcon_core.package_identification:_identify(src) by extension 'ignore'
[0.363s] Level 1:colcon.colcon_core.package_identification:_identify(src) by extension 'ignore_ament_install'
[0.363s] Level 1:colcon.colcon_core.package_identification:_identify(src) by extensions ['colcon_pkg']
[0.363s] Level 1:colcon.colcon_core.package_identification:_identify(src) by extension 'colcon_pkg'
[0.363s] Level 1:colcon.colcon_core.package_identification:_identify(src) by extensions ['colcon_meta']
[0.363s] Level 1:colcon.colcon_core.package_identification:_identify(src) by extension 'colcon_meta'
[0.363s] Level 1:colcon.colcon_core.package_identification:_identify(src) by extensions ['ros']
[0.363s] Level 1:colcon.colcon_core.package_identification:_identify(src) by extension 'ros'
[0.363s] Level 1:colcon.colcon_core.package_identification:_identify(src) by extensions ['cmake', 'python']
[0.363s] Level 1:colcon.colcon_core.package_identification:_identify(src) by extension 'cmake'
[0.363s] Level 1:colcon.colcon_core.package_identification:_identify(src) by extension 'python'
[0.363s] Level 1:colcon.colcon_core.package_identification:_identify(src) by extensions ['python_setup_py']
[0.363s] Level 1:colcon.colcon_core.package_identification:_identify(src) by extension 'python_setup_py'
[0.363s] Level 1:colcon.colcon_core.package_identification:_identify(src/meu_robo) by extensions ['ignore', 'ignore_ament_install']
[0.363s] Level 1:colcon.colcon_core.package_identification:_identify(src/meu_robo) by extension 'ignore'
[0.363s] Level 1:colcon.colcon_core.package_identification:_identify(src/meu_robo) by extension 'ignore_ament_install'
[0.363s] Level 1:colcon.colcon_core.package_identification:_identify(src/meu_robo) by extensions ['colcon_pkg']
[0.363s] Level 1:colcon.colcon_core.package_identification:_identify(src/meu_robo) by extension 'colcon_pkg'
[0.363s] Level 1:colcon.colcon_core.package_identification:_identify(src/meu_robo) by extensions ['colcon_meta']
[0.363s] Level 1:colcon.colcon_core.package_identification:_identify(src/meu_robo) by extension 'colcon_meta'
[0.363s] Level 1:colcon.colcon_core.package_identification:_identify(src/meu_robo) by extensions ['ros']
[0.363s] Level 1:colcon.colcon_core.package_identification:_identify(src/meu_robo) by extension 'ros'
[0.366s] DEBUG:colcon.colcon_core.package_identification:Package 'src/meu_robo' with type 'ros.ament_python' and name 'meu_robo'
[0.366s] Level 1:colcon.colcon_core.package_identification:_identify(src/pub_test) by extensions ['ignore', 'ignore_ament_install']
[0.366s] Level 1:colcon.colcon_core.package_identification:_identify(src/pub_test) by extension 'ignore'
[0.366s] Level 1:colcon.colcon_core.package_identification:_identify(src/pub_test) by extension 'ignore_ament_install'
[0.366s] Level 1:colcon.colcon_core.package_identification:_identify(src/pub_test) by extensions ['colcon_pkg']
[0.366s] Level 1:colcon.colcon_core.package_identification:_identify(src/pub_test) by extension 'colcon_pkg'
[0.366s] Level 1:colcon.colcon_core.package_identification:_identify(src/pub_test) by extensions ['colcon_meta']
[0.366s] Level 1:colcon.colcon_core.package_identification:_identify(src/pub_test) by extension 'colcon_meta'
[0.366s] Level 1:colcon.colcon_core.package_identification:_identify(src/pub_test) by extensions ['ros']
[0.366s] Level 1:colcon.colcon_core.package_identification:_identify(src/pub_test) by extension 'ros'
[0.367s] DEBUG:colcon.colcon_core.package_identification:Package 'src/pub_test' with type 'ros.ament_python' and name 'pub_test'
[0.367s] Level 1:colcon.colcon_core.package_discovery:discover_packages(recursive) using defaults
[0.367s] Level 1:colcon.colcon_core.package_discovery:discover_packages(ignore) discover
[0.367s] Level 1:colcon.colcon_core.package_discovery:discover_packages(ignore) using defaults
[0.367s] Level 1:colcon.colcon_core.package_discovery:discover_packages(path) discover
[0.367s] Level 1:colcon.colcon_core.package_discovery:discover_packages(path) using defaults
[0.398s] Level 1:colcon.colcon_core.package_discovery:discover_packages(prefix_path) check parameters
[0.398s] Level 1:colcon.colcon_core.package_discovery:discover_packages(prefix_path) discover
[0.400s] DEBUG:colcon.colcon_installed_package_information.package_discovery:Found 277 installed packages in /opt/ros/humble
[0.402s] Level 1:colcon.colcon_core.package_discovery:discover_packages(prefix_path) using defaults
[0.437s] Level 5:colcon.colcon_core.verb:set package 'meu_robo' build argument 'cmake_args' from command line to 'None'
[0.437s] Level 5:colcon.colcon_core.verb:set package 'meu_robo' build argument 'cmake_target' from command line to 'None'
[0.437s] Level 5:colcon.colcon_core.verb:set package 'meu_robo' build argument 'cmake_target_skip_unavailable' from command line to 'False'
[0.437s] Level 5:colcon.colcon_core.verb:set package 'meu_robo' build argument 'cmake_clean_cache' from command line to 'False'
[0.437s] Level 5:colcon.colcon_core.verb:set package 'meu_robo' build argument 'cmake_clean_first' from command line to 'False'
[0.437s] Level 5:colcon.colcon_core.verb:set package 'meu_robo' build argument 'cmake_force_configure' from command line to 'False'
[0.437s] Level 5:colcon.colcon_core.verb:set package 'meu_robo' build argument 'ament_cmake_args' from command line to 'None'
[0.437s] Level 5:colcon.colcon_core.verb:set package 'meu_robo' build argument 'catkin_cmake_args' from command line to 'None'
[0.437s] Level 5:colcon.colcon_core.verb:set package 'meu_robo' build argument 'catkin_skip_building_tests' from command line to 'False'
[0.437s] DEBUG:colcon.colcon_core.verb:Building package 'meu_robo' with the following arguments: {'ament_cmake_args': None, 'build_base': '/home/evangelista/ros2_ws/build/meu_robo', 'catkin_cmake_args': None, 'catkin_skip_building_tests': False, 'cmake_args': None, 'cmake_clean_cache': False, 'cmake_clean_first': False, 'cmake_force_configure': False, 'cmake_target': None, 'cmake_target_skip_unavailable': False, 'install_base': '/home/evangelista/ros2_ws/install/meu_robo', 'merge_install': False, 'path': '/home/evangelista/ros2_ws/src/meu_robo', 'symlink_install': True, 'test_result_base': None}
[0.438s] Level 5:colcon.colcon_core.verb:set package 'pub_test' build argument 'cmake_args' from command line to 'None'
[0.438s] Level 5:colcon.colcon_core.verb:set package 'pub_test' build argument 'cmake_target' from command line to 'None'
[0.438s] Level 5:colcon.colcon_core.verb:set package 'pub_test' build argument 'cmake_target_skip_unavailable' from command line to 'False'
[0.438s] Level 5:colcon.colcon_core.verb:set package 'pub_test' build argument 'cmake_clean_cache' from command line to 'False'
[0.438s] Level 5:colcon.colcon_core.verb:set package 'pub_test' build argument 'cmake_clean_first' from command line to 'False'
[0.438s] Level 5:colcon.colcon_core.verb:set package 'pub_test' build argument 'cmake_force_configure' from command line to 'False'
[0.438s] Level 5:colcon.colcon_core.verb:set package 'pub_test' build argument 'ament_cmake_args' from command line to 'None'
[0.438s] Level 5:colcon.colcon_core.verb:set package 'pub_test' build argument 'catkin_cmake_args' from command line to 'None'
[0.438s] Level 5:colcon.colcon_core.verb:set package 'pub_test' build argument 'catkin_skip_building_tests' from command line to 'False'
[0.438s] DEBUG:colcon.colcon_core.verb:Building package 'pub_test' with the following arguments: {'ament_cmake_args': None, 'build_base': '/home/evangelista/ros2_ws/build/pub_test', 'catkin_cmake_args': None, 'catkin_skip_building_tests': False, 'cmake_args': None, 'cmake_clean_cache': False, 'cmake_clean_first': False, 'cmake_force_configure': False, 'cmake_target': None, 'cmake_target_skip_unavailable': False, 'install_base': '/home/evangelista/ros2_ws/install/pub_test', 'merge_install': False, 'path': '/home/evangelista/ros2_ws/src/pub_test', 'symlink_install': True, 'test_result_base': None}
[0.438s] INFO:colcon.colcon_core.executor:Executing jobs using 'parallel' executor
[0.440s] DEBUG:colcon.colcon_parallel_executor.executor.parallel:run_until_complete
[0.440s] INFO:colcon.colcon_ros.task.ament_python.build:Building ROS package in '/home/evangelista/ros2_ws/src/meu_robo' with build type 'ament_python'
[0.440s] Level 1:colcon.colcon_core.shell:create_environment_hook('meu_robo', 'ament_prefix_path')
[0.442s] INFO:colcon.colcon_core.plugin_system:Skipping extension 'colcon_core.shell.bat': Not used on non-Windows systems
[0.443s] INFO:colcon.colcon_core.shell:Creating environment hook '/home/evangelista/ros2_ws/install/meu_robo/share/meu_robo/hook/ament_prefix_path.ps1'
[0.443s] INFO:colcon.colcon_core.shell:Creating environment descriptor '/home/evangelista/ros2_ws/install/meu_robo/share/meu_robo/hook/ament_prefix_path.dsv'
[0.444s] INFO:colcon.colcon_core.shell:Creating environment hook '/home/evangelista/ros2_ws/install/meu_robo/share/meu_robo/hook/ament_prefix_path.sh'
[0.444s] INFO:colcon.colcon_core.shell:Skip shell extension 'powershell' for command environment: Not usable outside of PowerShell
[0.444s] DEBUG:colcon.colcon_core.shell:Skip shell extension 'dsv' for command environment
[0.446s] INFO:colcon.colcon_ros.task.ament_python.build:Building ROS package in '/home/evangelista/ros2_ws/src/pub_test' with build type 'ament_python'
[0.447s] Level 1:colcon.colcon_core.shell:create_environment_hook('pub_test', 'ament_prefix_path')
[0.447s] INFO:colcon.colcon_core.shell:Creating environment hook '/home/evangelista/ros2_ws/install/pub_test/share/pub_test/hook/ament_prefix_path.ps1'
[0.448s] INFO:colcon.colcon_core.shell:Creating environment descriptor '/home/evangelista/ros2_ws/install/pub_test/share/pub_test/hook/ament_prefix_path.dsv'
[0.448s] INFO:colcon.colcon_core.shell:Creating environment hook '/home/evangelista/ros2_ws/install/pub_test/share/pub_test/hook/ament_prefix_path.sh'
[0.449s] INFO:colcon.colcon_core.shell:Skip shell extension 'powershell' for command environment: Not usable outside of PowerShell
[0.449s] DEBUG:colcon.colcon_core.shell:Skip shell extension 'dsv' for command environment
[0.690s] INFO:colcon.colcon_core.task.python.build:Building Python package in '/home/evangelista/ros2_ws/src/meu_robo'
[0.690s] INFO:colcon.colcon_core.shell:Skip shell extension 'powershell' for command environment: Not usable outside of PowerShell
[0.690s] DEBUG:colcon.colcon_core.shell:Skip shell extension 'dsv' for command environment
[0.916s] INFO:colcon.colcon_core.task.python.build:Building Python package in '/home/evangelista/ros2_ws/src/pub_test'
[0.916s] INFO:colcon.colcon_core.shell:Skip shell extension 'powershell' for command environment: Not usable outside of PowerShell
[0.916s] DEBUG:colcon.colcon_core.shell:Skip shell extension 'dsv' for command environment
[1.405s] DEBUG:colcon.colcon_core.task.python.build:While undoing a previous installation files outside the Python library path are being ignored: /home/evangelista/ros2_ws/install/pub_test/share/ament_index/resource_index/packages/pub_test
[1.405s] DEBUG:colcon.colcon_core.task.python.build:While undoing a previous installation files outside the Python library path are being ignored: /home/evangelista/ros2_ws/install/pub_test/share/pub_test/package.xml
[1.406s] DEBUG:colcon.colcon_core.task.python.build:While undoing a previous installation files outside the Python library path are being ignored: /home/evangelista/ros2_ws/install/pub_test/lib/pub_test/publicador_texto
[1.406s] DEBUG:colcon.colcon_core.task.python.build:While undoing a previous installation files outside the Python library path are being ignored: /home/evangelista/ros2_ws/install/pub_test/lib/pub_test/publicador_video
[1.411s] DEBUG:colcon.colcon_core.event_handler.log_command:Invoking command in '/home/evangelista/ros2_ws/build/pub_test': PYTHONPATH=/home/evangelista/ros2_ws/build/pub_test/prefix_override:/usr/lib/python3/dist-packages/colcon_core/task/python/colcon_distutils_commands:/home/evangelista/ros2_ws/install/pub_test/lib/python3.10/site-packages:${PYTHONPATH} /usr/bin/python3 -W ignore:setup.py install is deprecated -W ignore:easy_install command is deprecated setup.py develop --editable --build-directory /home/evangelista/ros2_ws/build/pub_test/build --no-deps symlink_data --force
[1.414s] DEBUG:colcon.colcon_core.task.python.build:While undoing a previous installation files outside the Python library path are being ignored: /home/evangelista/ros2_ws/install/meu_robo/share/ament_index/resource_index/packages/meu_robo
[1.414s] DEBUG:colcon.colcon_core.task.python.build:While undoing a previous installation files outside the Python library path are being ignored: /home/evangelista/ros2_ws/install/meu_robo/share/meu_robo/package.xml
[1.414s] DEBUG:colcon.colcon_core.task.python.build:While undoing a previous installation files outside the Python library path are being ignored: /home/evangelista/ros2_ws/install/meu_robo/lib/meu_robo/controle
[1.414s] DEBUG:colcon.colcon_core.task.python.build:While undoing a previous installation files outside the Python library path are being ignored: /home/evangelista/ros2_ws/install/meu_robo/lib/meu_robo/publicador_marcador
[1.414s] DEBUG:colcon.colcon_core.task.python.build:While undoing a previous installation files outside the Python library path are being ignored: /home/evangelista/ros2_ws/install/meu_robo/lib/meu_robo/publicador_urdf
[1.417s] DEBUG:colcon.colcon_core.event_handler.log_command:Invoking command in '/home/evangelista/ros2_ws/build/meu_robo': PYTHONPATH=/home/evangelista/ros2_ws/build/meu_robo/prefix_override:/usr/lib/python3/dist-packages/colcon_core/task/python/colcon_distutils_commands:/home/evangelista/ros2_ws/install/meu_robo/lib/python3.10/site-packages:${PYTHONPATH} /usr/bin/python3 -W ignore:setup.py install is deprecated -W ignore:easy_install command is deprecated setup.py develop --editable --build-directory /home/evangelista/ros2_ws/build/meu_robo/build --no-deps symlink_data --force
[1.956s] Level 1:colcon.colcon_core.shell:create_environment_hook('pub_test', 'pythonpath_develop')
[1.957s] DEBUG:colcon.colcon_core.event_handler.log_command:Invoked command in '/home/evangelista/ros2_ws/build/pub_test' returned '0': PYTHONPATH=/home/evangelista/ros2_ws/build/pub_test/prefix_override:/usr/lib/python3/dist-packages/colcon_core/task/python/colcon_distutils_commands:/home/evangelista/ros2_ws/install/pub_test/lib/python3.10/site-packages:${PYTHONPATH} /usr/bin/python3 -W ignore:setup.py install is deprecated -W ignore:easy_install command is deprecated setup.py develop --editable --build-directory /home/evangelista/ros2_ws/build/pub_test/build --no-deps symlink_data --force
[1.957s] INFO:colcon.colcon_core.shell:Creating environment hook '/home/evangelista/ros2_ws/build/pub_test/share/pub_test/hook/pythonpath_develop.ps1'
[1.959s] INFO:colcon.colcon_core.shell:Creating environment descriptor '/home/evangelista/ros2_ws/build/pub_test/share/pub_test/hook/pythonpath_develop.dsv'
[1.959s] INFO:colcon.colcon_core.shell:Creating environment hook '/home/evangelista/ros2_ws/build/pub_test/share/pub_test/hook/pythonpath_develop.sh'
[1.964s] Level 1:colcon.colcon_core.environment:checking '/home/evangelista/ros2_ws/install/pub_test' for CMake module files
[1.964s] Level 1:colcon.colcon_core.environment:checking '/home/evangelista/ros2_ws/install/pub_test' for CMake config files
[1.965s] Level 1:colcon.colcon_core.environment:checking '/home/evangelista/ros2_ws/install/pub_test/lib'
[1.966s] Level 1:colcon.colcon_core.environment:checking '/home/evangelista/ros2_ws/install/pub_test/bin'
[1.966s] Level 1:colcon.colcon_core.environment:checking '/home/evangelista/ros2_ws/install/pub_test/lib/pkgconfig/pub_test.pc'
[1.966s] Level 1:colcon.colcon_core.environment:checking '/home/evangelista/ros2_ws/install/pub_test/lib/python3.10/site-packages'
[1.966s] Level 1:colcon.colcon_core.shell:create_environment_hook('pub_test', 'pythonpath')
[1.967s] INFO:colcon.colcon_core.shell:Creating environment hook '/home/evangelista/ros2_ws/install/pub_test/share/pub_test/hook/pythonpath.ps1'
[1.969s] INFO:colcon.colcon_core.shell:Creating environment descriptor '/home/evangelista/ros2_ws/install/pub_test/share/pub_test/hook/pythonpath.dsv'
[1.970s] INFO:colcon.colcon_core.shell:Creating environment hook '/home/evangelista/ros2_ws/install/pub_test/share/pub_test/hook/pythonpath.sh'
[1.972s] Level 1:colcon.colcon_core.environment:checking '/home/evangelista/ros2_ws/install/pub_test/bin'
[1.972s] Level 1:colcon.colcon_core.environment:create_environment_scripts_only(pub_test)
[1.972s] INFO:colcon.colcon_core.shell:Creating package script '/home/evangelista/ros2_ws/install/pub_test/share/pub_test/package.ps1'
[1.974s] INFO:colcon.colcon_core.shell:Creating package descriptor '/home/evangelista/ros2_ws/install/pub_test/share/pub_test/package.dsv'
[1.975s] INFO:colcon.colcon_core.shell:Creating package script '/home/evangelista/ros2_ws/install/pub_test/share/pub_test/package.sh'
[1.976s] INFO:colcon.colcon_core.shell:Creating package script '/home/evangelista/ros2_ws/install/pub_test/share/pub_test/package.bash'
[1.976s] INFO:colcon.colcon_core.shell:Creating package script '/home/evangelista/ros2_ws/install/pub_test/share/pub_test/package.zsh'
[1.977s] Level 1:colcon.colcon_core.environment:create_file_with_runtime_dependencies(/home/evangelista/ros2_ws/install/pub_test/share/colcon-core/packages/pub_test)
[1.980s] Level 1:colcon.colcon_core.shell:create_environment_hook('meu_robo', 'pythonpath_develop')
[1.980s] INFO:colcon.colcon_core.shell:Creating environment hook '/home/evangelista/ros2_ws/build/meu_robo/share/meu_robo/hook/pythonpath_develop.ps1'
[1.981s] DEBUG:colcon.colcon_core.event_handler.log_command:Invoked command in '/home/evangelista/ros2_ws/build/meu_robo' returned '0': PYTHONPATH=/home/evangelista/ros2_ws/build/meu_robo/prefix_override:/usr/lib/python3/dist-packages/colcon_core/task/python/colcon_distutils_commands:/home/evangelista/ros2_ws/install/meu_robo/lib/python3.10/site-packages:${PYTHONPATH} /usr/bin/python3 -W ignore:setup.py install is deprecated -W ignore:easy_install command is deprecated setup.py develop --editable --build-directory /home/evangelista/ros2_ws/build/meu_robo/build --no-deps symlink_data --force
[1.983s] INFO:colcon.colcon_core.shell:Creating environment descriptor '/home/evangelista/ros2_ws/build/meu_robo/share/meu_robo/hook/pythonpath_develop.dsv'
[1.983s] INFO:colcon.colcon_core.shell:Creating environment hook '/home/evangelista/ros2_ws/build/meu_robo/share/meu_robo/hook/pythonpath_develop.sh'
[1.983s] Level 1:colcon.colcon_core.environment:checking '/home/evangelista/ros2_ws/install/meu_robo' for CMake module files
[1.984s] Level 1:colcon.colcon_core.environment:checking '/home/evangelista/ros2_ws/install/meu_robo' for CMake config files
[1.984s] Level 1:colcon.colcon_core.environment:checking '/home/evangelista/ros2_ws/install/meu_robo/lib'
[1.984s] Level 1:colcon.colcon_core.environment:checking '/home/evangelista/ros2_ws/install/meu_robo/bin'
[1.984s] Level 1:colcon.colcon_core.environment:checking '/home/evangelista/ros2_ws/install/meu_robo/lib/pkgconfig/meu_robo.pc'
[1.984s] Level 1:colcon.colcon_core.environment:checking '/home/evangelista/ros2_ws/install/meu_robo/lib/python3.10/site-packages'
[1.984s] Level 1:colcon.colcon_core.shell:create_environment_hook('meu_robo', 'pythonpath')
[1.985s] INFO:colcon.colcon_core.shell:Creating environment hook '/home/evangelista/ros2_ws/install/meu_robo/share/meu_robo/hook/pythonpath.ps1'
[1.985s] INFO:colcon.colcon_core.shell:Creating environment descriptor '/home/evangelista/ros2_ws/install/meu_robo/share/meu_robo/hook/pythonpath.dsv'
[1.985s] INFO:colcon.colcon_core.shell:Creating environment hook '/home/evangelista/ros2_ws/install/meu_robo/share/meu_robo/hook/pythonpath.sh'
[1.986s] Level 1:colcon.colcon_core.environment:checking '/home/evangelista/ros2_ws/install/meu_robo/bin'
[1.986s] Level 1:colcon.colcon_core.environment:create_environment_scripts_only(meu_robo)
[1.986s] INFO:colcon.colcon_core.shell:Creating package script '/home/evangelista/ros2_ws/install/meu_robo/share/meu_robo/package.ps1'
[1.987s] INFO:colcon.colcon_core.shell:Creating package descriptor '/home/evangelista/ros2_ws/install/meu_robo/share/meu_robo/package.dsv'
[1.987s] INFO:colcon.colcon_core.shell:Creating package script '/home/evangelista/ros2_ws/install/meu_robo/share/meu_robo/package.sh'
[1.987s] INFO:colcon.colcon_core.shell:Creating package script '/home/evangelista/ros2_ws/install/meu_robo/share/meu_robo/package.bash'
[1.988s] INFO:colcon.colcon_core.shell:Creating package script '/home/evangelista/ros2_ws/install/meu_robo/share/meu_robo/package.zsh'
[1.988s] Level 1:colcon.colcon_core.environment:create_file_with_runtime_dependencies(/home/evangelista/ros2_ws/install/meu_robo/share/colcon-core/packages/meu_robo)
[1.988s] DEBUG:colcon.colcon_parallel_executor.executor.parallel:closing loop
[1.989s] DEBUG:colcon.colcon_parallel_executor.executor.parallel:loop closed
[1.989s] DEBUG:colcon.colcon_parallel_executor.executor.parallel:run_until_complete finished with '0'
[1.989s] DEBUG:colcon.colcon_core.event_reactor:joining thread
[1.997s] INFO:colcon.colcon_core.plugin_system:Skipping extension 'colcon_notification.desktop_notification.terminal_notifier': Not used on non-Darwin systems
[1.997s] INFO:colcon.colcon_core.plugin_system:Skipping extension 'colcon_notification.desktop_notification.win32': Not used on non-Windows systems
[1.997s] INFO:colcon.colcon_notification.desktop_notification:Sending desktop notification using 'notify2'
[1.997s] DEBUG:colcon.colcon_notification.desktop_notification.notify2:Failed to initialize notify2: org.freedesktop.DBus.Error.FileNotFound: Failed to connect to socket /run/user/1000/bus: No such file or directory
[1.997s] DEBUG:colcon.colcon_core.event_reactor:joined thread
[1.998s] INFO:colcon.colcon_core.shell:Creating prefix script '/home/evangelista/ros2_ws/install/local_setup.ps1'
[1.998s] INFO:colcon.colcon_core.shell:Creating prefix util module '/home/evangelista/ros2_ws/install/_local_setup_util_ps1.py'
[2.000s] INFO:colcon.colcon_core.shell:Creating prefix chain script '/home/evangelista/ros2_ws/install/setup.ps1'
[2.001s] INFO:colcon.colcon_core.shell:Creating prefix script '/home/evangelista/ros2_ws/install/local_setup.sh'
[2.001s] INFO:colcon.colcon_core.shell:Creating prefix util module '/home/evangelista/ros2_ws/install/_local_setup_util_sh.py'
[2.002s] INFO:colcon.colcon_core.shell:Creating prefix chain script '/home/evangelista/ros2_ws/install/setup.sh'
[2.002s] INFO:colcon.colcon_core.shell:Creating prefix script '/home/evangelista/ros2_ws/install/local_setup.bash'
[2.003s] INFO:colcon.colcon_core.shell:Creating prefix chain script '/home/evangelista/ros2_ws/install/setup.bash'
[2.003s] INFO:colcon.colcon_core.shell:Creating prefix script '/home/evangelista/ros2_ws/install/local_setup.zsh'
[2.004s] INFO:colcon.colcon_core.shell:Creating prefix chain script '/home/evangelista/ros2_ws/install/setup.zsh'
