[0.976s] Invoking command in '/home/evangelista/ros2_ws/build/meu_robo': PYTHONPATH=/home/evangelista/ros2_ws/build/meu_robo/prefix_override:/usr/lib/python3/dist-packages/colcon_core/task/python/colcon_distutils_commands:/home/evangelista/ros2_ws/install/meu_robo/lib/python3.10/site-packages:${PYTHONPATH} /usr/bin/python3 -W ignore:setup.py install is deprecated -W ignore:easy_install command is deprecated setup.py develop --editable --build-directory /home/evangelista/ros2_ws/build/meu_robo/build --no-deps symlink_data --force
[1.287s] running develop
[1.476s] running egg_info
[1.476s] writing meu_robo.egg-info/PKG-INFO
[1.476s] writing dependency_links to meu_robo.egg-info/dependency_links.txt
[1.477s] writing entry points to meu_robo.egg-info/entry_points.txt
[1.477s] writing requirements to meu_robo.egg-info/requires.txt
[1.477s] writing top-level names to meu_robo.egg-info/top_level.txt
[1.479s] reading manifest file 'meu_robo.egg-info/SOURCES.txt'
[1.480s] writing manifest file 'meu_robo.egg-info/SOURCES.txt'
[1.481s] running build_ext
[1.482s] Creating /home/evangelista/ros2_ws/install/meu_robo/lib/python3.10/site-packages/meu-robo.egg-link (link to .)
[1.482s] Installing controle script to /home/evangelista/ros2_ws/install/meu_robo/lib/meu_robo
[1.483s] Installing publicador_marcador script to /home/evangelista/ros2_ws/install/meu_robo/lib/meu_robo
[1.483s] Installing publicador_urdf script to /home/evangelista/ros2_ws/install/meu_robo/lib/meu_robo
[1.483s] 
[1.483s] Installed /home/evangelista/ros2_ws/build/meu_robo
[1.484s] running symlink_data
[1.484s] symbolically linking /home/evangelista/ros2_ws/build/meu_robo/resource/meu_robo -> /home/evangelista/ros2_ws/install/meu_robo/share/ament_index/resource_index/packages
[1.484s] symbolically linking /home/evangelista/ros2_ws/build/meu_robo/package.xml -> /home/evangelista/ros2_ws/install/meu_robo/share/meu_robo
[1.540s] Invoked command in '/home/evangelista/ros2_ws/build/meu_robo' returned '0': PYTHONPATH=/home/evangelista/ros2_ws/build/meu_robo/prefix_override:/usr/lib/python3/dist-packages/colcon_core/task/python/colcon_distutils_commands:/home/evangelista/ros2_ws/install/meu_robo/lib/python3.10/site-packages:${PYTHONPATH} /usr/bin/python3 -W ignore:setup.py install is deprecated -W ignore:easy_install command is deprecated setup.py develop --editable --build-directory /home/evangelista/ros2_ws/build/meu_robo/build --no-deps symlink_data --force
