[0.806s] Invoking command in '/home/evangelista/ros2_ws/src/meu_robo': PYTHONPATH=/home/evangelista/ros2_ws/build/meu_robo/prefix_override:/usr/lib/python3/dist-packages/colcon_core/task/python/colcon_distutils_commands:/home/evangelista/ros2_ws/install/meu_robo/lib/python3.10/site-packages:${PYTHONPATH} /usr/bin/python3 -W ignore:setup.py install is deprecated -W ignore:easy_install command is deprecated setup.py egg_info --egg-base ../../build/meu_robo build --build-base /home/evangelista/ros2_ws/build/meu_robo/build install --record /home/evangelista/ros2_ws/build/meu_robo/install.log --single-version-externally-managed install_data
[1.038s] running egg_info
[1.039s] writing ../../build/meu_robo/meu_robo.egg-info/PKG-INFO
[1.039s] writing dependency_links to ../../build/meu_robo/meu_robo.egg-info/dependency_links.txt
[1.039s] writing entry points to ../../build/meu_robo/meu_robo.egg-info/entry_points.txt
[1.039s] writing requirements to ../../build/meu_robo/meu_robo.egg-info/requires.txt
[1.039s] writing top-level names to ../../build/meu_robo/meu_robo.egg-info/top_level.txt
[1.041s] reading manifest file '../../build/meu_robo/meu_robo.egg-info/SOURCES.txt'
[1.042s] writing manifest file '../../build/meu_robo/meu_robo.egg-info/SOURCES.txt'
[1.042s] running build
[1.042s] running build_py
[1.043s] copying meu_robo/controle.py -> /home/evangelista/ros2_ws/build/meu_robo/build/lib/meu_robo
[1.043s] running install
[1.043s] running install_lib
[1.044s] copying /home/evangelista/ros2_ws/build/meu_robo/build/lib/meu_robo/controle.py -> /home/evangelista/ros2_ws/install/meu_robo/lib/python3.10/site-packages/meu_robo
[1.044s] byte-compiling /home/evangelista/ros2_ws/install/meu_robo/lib/python3.10/site-packages/meu_robo/controle.py to controle.cpython-310.pyc
[1.047s] running install_data
[1.047s] running install_egg_info
[1.047s] removing '/home/evangelista/ros2_ws/install/meu_robo/lib/python3.10/site-packages/meu_robo-0.0.0-py3.10.egg-info' (and everything under it)
[1.048s] Copying ../../build/meu_robo/meu_robo.egg-info to /home/evangelista/ros2_ws/install/meu_robo/lib/python3.10/site-packages/meu_robo-0.0.0-py3.10.egg-info
[1.048s] running install_scripts
[1.063s] Installing controle script to /home/evangelista/ros2_ws/install/meu_robo/lib/meu_robo
[1.063s] writing list of installed files to '/home/evangelista/ros2_ws/build/meu_robo/install.log'
[1.102s] Invoked command in '/home/evangelista/ros2_ws/src/meu_robo' returned '0': PYTHONPATH=/home/evangelista/ros2_ws/build/meu_robo/prefix_override:/usr/lib/python3/dist-packages/colcon_core/task/python/colcon_distutils_commands:/home/evangelista/ros2_ws/install/meu_robo/lib/python3.10/site-packages:${PYTHONPATH} /usr/bin/python3 -W ignore:setup.py install is deprecated -W ignore:easy_install command is deprecated setup.py egg_info --egg-base ../../build/meu_robo build --build-base /home/evangelista/ros2_ws/build/meu_robo/build install --record /home/evangelista/ros2_ws/build/meu_robo/install.log --single-version-externally-managed install_data
