[0.175s] DEBUG:colcon:Command line arguments: ['/usr/bin/colcon', 'build']
[0.175s] DEBUG:colcon:Parsed command line arguments: Namespace(log_base=None, log_level=None, verb_name='build', build_base='build', install_base='install', merge_install=False, symlink_install=False, test_result_base=None, continue_on_error=False, executor='parallel', parallel_workers=4, event_handlers=None, ignore_user_meta=False, metas=['./colcon.meta'], base_paths=['.'], packages_ignore=None, packages_ignore_regex=None, paths=None, packages_up_to=None, packages_up_to_regex=None, packages_above=None, packages_above_and_dependencies=None, packages_above_depth=None, packages_select_by_dep=None, packages_skip_by_dep=None, packages_skip_up_to=None, packages_select_build_failed=False, packages_skip_build_finished=False, packages_select_test_failures=False, packages_skip_test_passed=False, packages_select=None, packages_skip=None, packages_select_regex=None, packages_skip_regex=None, packages_start=None, packages_end=None, allow_overriding=[], cmake_args=None, cmake_target=None, cmake_target_skip_unavailable=False, cmake_clean_cache=False, cmake_clean_first=False, cmake_force_configure=False, ament_cmake_args=None, catkin_cmake_args=None, catkin_skip_building_tests=False, verb_parser=<colcon_defaults.argument_parser.defaults.DefaultArgumentsDecorator object at 0x7f3bfdb5f4f0>, verb_extension=<colcon_core.verb.build.BuildVerb object at 0x7f3bfdb5efe0>, main=<bound method BuildVerb.main of <colcon_core.verb.build.BuildVerb object at 0x7f3bfdb5efe0>>)
[0.329s] Level 1:colcon.colcon_core.package_discovery:discover_packages(colcon_meta) check parameters
[0.330s] Level 1:colcon.colcon_core.package_discovery:discover_packages(recursive) check parameters
[0.330s] Level 1:colcon.colcon_core.package_discovery:discover_packages(ignore) check parameters
[0.330s] Level 1:colcon.colcon_core.package_discovery:discover_packages(path) check parameters
[0.330s] Level 1:colcon.colcon_core.package_discovery:discover_packages(colcon_meta) discover
[0.330s] Level 1:colcon.colcon_core.package_discovery:discover_packages(recursive) discover
[0.330s] INFO:colcon.colcon_core.package_discovery:Crawling recursively for packages in '/home/evangelista/ros2_ws'
[0.330s] Level 1:colcon.colcon_core.package_identification:_identify(.) by extensions ['ignore', 'ignore_ament_install']
[0.330s] Level 1:colcon.colcon_core.package_identification:_identify(.) by extension 'ignore'
[0.330s] Level 1:colcon.colcon_core.package_identification:_identify(.) by extension 'ignore_ament_install'
[0.330s] Level 1:colcon.colcon_core.package_identification:_identify(.) by extensions ['colcon_pkg']
[0.330s] Level 1:colcon.colcon_core.package_identification:_identify(.) by extension 'colcon_pkg'
[0.330s] Level 1:colcon.colcon_core.package_identification:_identify(.) by extensions ['colcon_meta']
[0.330s] Level 1:colcon.colcon_core.package_identification:_identify(.) by extension 'colcon_meta'
[0.330s] Level 1:colcon.colcon_core.package_identification:_identify(.) by extensions ['ros']
[0.330s] Level 1:colcon.colcon_core.package_identification:_identify(.) by extension 'ros'
[0.341s] Level 1:colcon.colcon_core.package_identification:_identify(.) by extensions ['cmake', 'python']
[0.341s] Level 1:colcon.colcon_core.package_identification:_identify(.) by extension 'cmake'
[0.341s] Level 1:colcon.colcon_core.package_identification:_identify(.) by extension 'python'
[0.341s] Level 1:colcon.colcon_core.package_identification:_identify(.) by extensions ['python_setup_py']
[0.341s] Level 1:colcon.colcon_core.package_identification:_identify(.) by extension 'python_setup_py'
[0.341s] Level 1:colcon.colcon_core.package_identification:_identify(build) by extensions ['ignore', 'ignore_ament_install']
[0.341s] Level 1:colcon.colcon_core.package_identification:_identify(build) by extension 'ignore'
[0.341s] Level 1:colcon.colcon_core.package_identification:_identify(build) ignored
[0.341s] Level 1:colcon.colcon_core.package_identification:_identify(config) by extensions ['ignore', 'ignore_ament_install']
[0.341s] Level 1:colcon.colcon_core.package_identification:_identify(config) by extension 'ignore'
[0.341s] Level 1:colcon.colcon_core.package_identification:_identify(config) by extension 'ignore_ament_install'
[0.342s] Level 1:colcon.colcon_core.package_identification:_identify(config) by extensions ['colcon_pkg']
[0.342s] Level 1:colcon.colcon_core.package_identification:_identify(config) by extension 'colcon_pkg'
[0.342s] Level 1:colcon.colcon_core.package_identification:_identify(config) by extensions ['colcon_meta']
[0.342s] Level 1:colcon.colcon_core.package_identification:_identify(config) by extension 'colcon_meta'
[0.342s] Level 1:colcon.colcon_core.package_identification:_identify(config) by extensions ['ros']
[0.342s] Level 1:colcon.colcon_core.package_identification:_identify(config) by extension 'ros'
[0.342s] Level 1:colcon.colcon_core.package_identification:_identify(config) by extensions ['cmake', 'python']
[0.342s] Level 1:colcon.colcon_core.package_identification:_identify(config) by extension 'cmake'
[0.342s] Level 1:colcon.colcon_core.package_identification:_identify(config) by extension 'python'
[0.342s] Level 1:colcon.colcon_core.package_identification:_identify(config) by extensions ['python_setup_py']
[0.342s] Level 1:colcon.colcon_core.package_identification:_identify(config) by extension 'python_setup_py'
[0.342s] Level 1:colcon.colcon_core.package_identification:_identify(install) by extensions ['ignore', 'ignore_ament_install']
[0.342s] Level 1:colcon.colcon_core.package_identification:_identify(install) by extension 'ignore'
[0.342s] Level 1:colcon.colcon_core.package_identification:_identify(install) ignored
[0.342s] Level 1:colcon.colcon_core.package_identification:_identify(launch) by extensions ['ignore', 'ignore_ament_install']
[0.342s] Level 1:colcon.colcon_core.package_identification:_identify(launch) by extension 'ignore'
[0.342s] Level 1:colcon.colcon_core.package_identification:_identify(launch) by extension 'ignore_ament_install'
[0.342s] Level 1:colcon.colcon_core.package_identification:_identify(launch) by extensions ['colcon_pkg']
[0.342s] Level 1:colcon.colcon_core.package_identification:_identify(launch) by extension 'colcon_pkg'
[0.342s] Level 1:colcon.colcon_core.package_identification:_identify(launch) by extensions ['colcon_meta']
[0.342s] Level 1:colcon.colcon_core.package_identification:_identify(launch) by extension 'colcon_meta'
[0.342s] Level 1:colcon.colcon_core.package_identification:_identify(launch) by extensions ['ros']
[0.342s] Level 1:colcon.colcon_core.package_identification:_identify(launch) by extension 'ros'
[0.342s] Level 1:colcon.colcon_core.package_identification:_identify(launch) by extensions ['cmake', 'python']
[0.342s] Level 1:colcon.colcon_core.package_identification:_identify(launch) by extension 'cmake'
[0.343s] Level 1:colcon.colcon_core.package_identification:_identify(launch) by extension 'python'
[0.343s] Level 1:colcon.colcon_core.package_identification:_identify(launch) by extensions ['python_setup_py']
[0.343s] Level 1:colcon.colcon_core.package_identification:_identify(launch) by extension 'python_setup_py'
[0.343s] Level 1:colcon.colcon_core.package_identification:_identify(log) by extensions ['ignore', 'ignore_ament_install']
[0.343s] Level 1:colcon.colcon_core.package_identification:_identify(log) by extension 'ignore'
[0.343s] Level 1:colcon.colcon_core.package_identification:_identify(log) ignored
[0.343s] Level 1:colcon.colcon_core.package_identification:_identify(src) by extensions ['ignore', 'ignore_ament_install']
[0.343s] Level 1:colcon.colcon_core.package_identification:_identify(src) by extension 'ignore'
[0.343s] Level 1:colcon.colcon_core.package_identification:_identify(src) by extension 'ignore_ament_install'
[0.343s] Level 1:colcon.colcon_core.package_identification:_identify(src) by extensions ['colcon_pkg']
[0.343s] Level 1:colcon.colcon_core.package_identification:_identify(src) by extension 'colcon_pkg'
[0.343s] Level 1:colcon.colcon_core.package_identification:_identify(src) by extensions ['colcon_meta']
[0.343s] Level 1:colcon.colcon_core.package_identification:_identify(src) by extension 'colcon_meta'
[0.343s] Level 1:colcon.colcon_core.package_identification:_identify(src) by extensions ['ros']
[0.343s] Level 1:colcon.colcon_core.package_identification:_identify(src) by extension 'ros'
[0.343s] Level 1:colcon.colcon_core.package_identification:_identify(src) by extensions ['cmake', 'python']
[0.343s] Level 1:colcon.colcon_core.package_identification:_identify(src) by extension 'cmake'
[0.343s] Level 1:colcon.colcon_core.package_identification:_identify(src) by extension 'python'
[0.343s] Level 1:colcon.colcon_core.package_identification:_identify(src) by extensions ['python_setup_py']
[0.343s] Level 1:colcon.colcon_core.package_identification:_identify(src) by extension 'python_setup_py'
[0.343s] Level 1:colcon.colcon_core.package_identification:_identify(src/meu_test) by extensions ['ignore', 'ignore_ament_install']
[0.343s] Level 1:colcon.colcon_core.package_identification:_identify(src/meu_test) by extension 'ignore'
[0.343s] Level 1:colcon.colcon_core.package_identification:_identify(src/meu_test) by extension 'ignore_ament_install'
[0.343s] Level 1:colcon.colcon_core.package_identification:_identify(src/meu_test) by extensions ['colcon_pkg']
[0.343s] Level 1:colcon.colcon_core.package_identification:_identify(src/meu_test) by extension 'colcon_pkg'
[0.343s] Level 1:colcon.colcon_core.package_identification:_identify(src/meu_test) by extensions ['colcon_meta']
[0.344s] Level 1:colcon.colcon_core.package_identification:_identify(src/meu_test) by extension 'colcon_meta'
[0.344s] Level 1:colcon.colcon_core.package_identification:_identify(src/meu_test) by extensions ['ros']
[0.344s] Level 1:colcon.colcon_core.package_identification:_identify(src/meu_test) by extension 'ros'
[0.346s] DEBUG:colcon.colcon_core.package_identification:Package 'src/meu_test' with type 'ros.ament_python' and name 'meu_test'
[0.346s] Level 1:colcon.colcon_core.package_identification:_identify(src/pub_test) by extensions ['ignore', 'ignore_ament_install']
[0.347s] Level 1:colcon.colcon_core.package_identification:_identify(src/pub_test) by extension 'ignore'
[0.347s] Level 1:colcon.colcon_core.package_identification:_identify(src/pub_test) by extension 'ignore_ament_install'
[0.347s] Level 1:colcon.colcon_core.package_identification:_identify(src/pub_test) by extensions ['colcon_pkg']
[0.347s] Level 1:colcon.colcon_core.package_identification:_identify(src/pub_test) by extension 'colcon_pkg'
[0.347s] Level 1:colcon.colcon_core.package_identification:_identify(src/pub_test) by extensions ['colcon_meta']
[0.347s] Level 1:colcon.colcon_core.package_identification:_identify(src/pub_test) by extension 'colcon_meta'
[0.347s] Level 1:colcon.colcon_core.package_identification:_identify(src/pub_test) by extensions ['ros']
[0.347s] Level 1:colcon.colcon_core.package_identification:_identify(src/pub_test) by extension 'ros'
[0.347s] DEBUG:colcon.colcon_core.package_identification:Package 'src/pub_test' with type 'ros.ament_python' and name 'pub_test'
[0.347s] Level 1:colcon.colcon_core.package_discovery:discover_packages(recursive) using defaults
[0.348s] Level 1:colcon.colcon_core.package_discovery:discover_packages(ignore) discover
[0.348s] Level 1:colcon.colcon_core.package_discovery:discover_packages(ignore) using defaults
[0.348s] Level 1:colcon.colcon_core.package_discovery:discover_packages(path) discover
[0.348s] Level 1:colcon.colcon_core.package_discovery:discover_packages(path) using defaults
[0.375s] Level 1:colcon.colcon_core.package_discovery:discover_packages(prefix_path) check parameters
[0.375s] Level 1:colcon.colcon_core.package_discovery:discover_packages(prefix_path) discover
[0.377s] DEBUG:colcon.colcon_installed_package_information.package_discovery:Found 295 installed packages in /opt/ros/humble
[0.379s] Level 1:colcon.colcon_core.package_discovery:discover_packages(prefix_path) using defaults
[0.417s] Level 5:colcon.colcon_core.verb:set package 'meu_test' build argument 'cmake_args' from command line to 'None'
[0.417s] Level 5:colcon.colcon_core.verb:set package 'meu_test' build argument 'cmake_target' from command line to 'None'
[0.417s] Level 5:colcon.colcon_core.verb:set package 'meu_test' build argument 'cmake_target_skip_unavailable' from command line to 'False'
[0.417s] Level 5:colcon.colcon_core.verb:set package 'meu_test' build argument 'cmake_clean_cache' from command line to 'False'
[0.417s] Level 5:colcon.colcon_core.verb:set package 'meu_test' build argument 'cmake_clean_first' from command line to 'False'
[0.417s] Level 5:colcon.colcon_core.verb:set package 'meu_test' build argument 'cmake_force_configure' from command line to 'False'
[0.417s] Level 5:colcon.colcon_core.verb:set package 'meu_test' build argument 'ament_cmake_args' from command line to 'None'
[0.417s] Level 5:colcon.colcon_core.verb:set package 'meu_test' build argument 'catkin_cmake_args' from command line to 'None'
[0.417s] Level 5:colcon.colcon_core.verb:set package 'meu_test' build argument 'catkin_skip_building_tests' from command line to 'False'
[0.417s] DEBUG:colcon.colcon_core.verb:Building package 'meu_test' with the following arguments: {'ament_cmake_args': None, 'build_base': '/home/evangelista/ros2_ws/build/meu_test', 'catkin_cmake_args': None, 'catkin_skip_building_tests': False, 'cmake_args': None, 'cmake_clean_cache': False, 'cmake_clean_first': False, 'cmake_force_configure': False, 'cmake_target': None, 'cmake_target_skip_unavailable': False, 'install_base': '/home/evangelista/ros2_ws/install/meu_test', 'merge_install': False, 'path': '/home/evangelista/ros2_ws/src/meu_test', 'symlink_install': False, 'test_result_base': None}
[0.417s] Level 5:colcon.colcon_core.verb:set package 'pub_test' build argument 'cmake_args' from command line to 'None'
[0.417s] Level 5:colcon.colcon_core.verb:set package 'pub_test' build argument 'cmake_target' from command line to 'None'
[0.417s] Level 5:colcon.colcon_core.verb:set package 'pub_test' build argument 'cmake_target_skip_unavailable' from command line to 'False'
[0.417s] Level 5:colcon.colcon_core.verb:set package 'pub_test' build argument 'cmake_clean_cache' from command line to 'False'
[0.417s] Level 5:colcon.colcon_core.verb:set package 'pub_test' build argument 'cmake_clean_first' from command line to 'False'
[0.417s] Level 5:colcon.colcon_core.verb:set package 'pub_test' build argument 'cmake_force_configure' from command line to 'False'
[0.417s] Level 5:colcon.colcon_core.verb:set package 'pub_test' build argument 'ament_cmake_args' from command line to 'None'
[0.417s] Level 5:colcon.colcon_core.verb:set package 'pub_test' build argument 'catkin_cmake_args' from command line to 'None'
[0.417s] Level 5:colcon.colcon_core.verb:set package 'pub_test' build argument 'catkin_skip_building_tests' from command line to 'False'
[0.417s] DEBUG:colcon.colcon_core.verb:Building package 'pub_test' with the following arguments: {'ament_cmake_args': None, 'build_base': '/home/evangelista/ros2_ws/build/pub_test', 'catkin_cmake_args': None, 'catkin_skip_building_tests': False, 'cmake_args': None, 'cmake_clean_cache': False, 'cmake_clean_first': False, 'cmake_force_configure': False, 'cmake_target': None, 'cmake_target_skip_unavailable': False, 'install_base': '/home/evangelista/ros2_ws/install/pub_test', 'merge_install': False, 'path': '/home/evangelista/ros2_ws/src/pub_test', 'symlink_install': False, 'test_result_base': None}
[0.418s] INFO:colcon.colcon_core.executor:Executing jobs using 'parallel' executor
[0.419s] DEBUG:colcon.colcon_parallel_executor.executor.parallel:run_until_complete
[0.419s] INFO:colcon.colcon_ros.task.ament_python.build:Building ROS package in '/home/evangelista/ros2_ws/src/meu_test' with build type 'ament_python'
[0.419s] Level 1:colcon.colcon_core.shell:create_environment_hook('meu_test', 'ament_prefix_path')
[0.421s] INFO:colcon.colcon_core.plugin_system:Skipping extension 'colcon_core.shell.bat': Not used on non-Windows systems
[0.421s] INFO:colcon.colcon_core.shell:Creating environment hook '/home/evangelista/ros2_ws/install/meu_test/share/meu_test/hook/ament_prefix_path.ps1'
[0.422s] INFO:colcon.colcon_core.shell:Creating environment descriptor '/home/evangelista/ros2_ws/install/meu_test/share/meu_test/hook/ament_prefix_path.dsv'
[0.422s] INFO:colcon.colcon_core.shell:Creating environment hook '/home/evangelista/ros2_ws/install/meu_test/share/meu_test/hook/ament_prefix_path.sh'
[0.423s] INFO:colcon.colcon_core.shell:Skip shell extension 'powershell' for command environment: Not usable outside of PowerShell
[0.423s] DEBUG:colcon.colcon_core.shell:Skip shell extension 'dsv' for command environment
[0.427s] INFO:colcon.colcon_ros.task.ament_python.build:Building ROS package in '/home/evangelista/ros2_ws/src/pub_test' with build type 'ament_python'
[0.428s] Level 1:colcon.colcon_core.shell:create_environment_hook('pub_test', 'ament_prefix_path')
[0.428s] INFO:colcon.colcon_core.shell:Creating environment hook '/home/evangelista/ros2_ws/install/pub_test/share/pub_test/hook/ament_prefix_path.ps1'
[0.429s] INFO:colcon.colcon_core.shell:Creating environment descriptor '/home/evangelista/ros2_ws/install/pub_test/share/pub_test/hook/ament_prefix_path.dsv'
[0.429s] INFO:colcon.colcon_core.shell:Creating environment hook '/home/evangelista/ros2_ws/install/pub_test/share/pub_test/hook/ament_prefix_path.sh'
[0.429s] INFO:colcon.colcon_core.shell:Skip shell extension 'powershell' for command environment: Not usable outside of PowerShell
[0.430s] DEBUG:colcon.colcon_core.shell:Skip shell extension 'dsv' for command environment
[0.694s] WARNING:colcon.colcon_ros.task.ament_python.build:Package 'meu_test' doesn't explicitly install a marker in the package index (colcon-ros currently does it implicitly but that fallback will be removed in the future)
[0.694s] WARNING:colcon.colcon_ros.task.ament_python.build:Package 'meu_test' doesn't explicitly install the 'package.xml' file (colcon-ros currently does it implicitly but that fallback will be removed in the future)
[0.695s] INFO:colcon.colcon_core.task.python.build:Building Python package in '/home/evangelista/ros2_ws/src/meu_test'
[0.695s] INFO:colcon.colcon_core.shell:Skip shell extension 'powershell' for command environment: Not usable outside of PowerShell
[0.695s] DEBUG:colcon.colcon_core.shell:Skip shell extension 'dsv' for command environment
[0.945s] INFO:colcon.colcon_core.task.python.build:Building Python package in '/home/evangelista/ros2_ws/src/pub_test'
[0.945s] INFO:colcon.colcon_core.shell:Skip shell extension 'powershell' for command environment: Not usable outside of PowerShell
[0.945s] DEBUG:colcon.colcon_core.shell:Skip shell extension 'dsv' for command environment
[1.670s] DEBUG:colcon.colcon_core.event_handler.log_command:Invoking command in '/home/evangelista/ros2_ws/src/meu_test': PYTHONPATH=/home/evangelista/ros2_ws/build/meu_test/prefix_override:/usr/lib/python3/dist-packages/colcon_core/task/python/colcon_distutils_commands:/home/evangelista/ros2_ws/install/meu_test/lib/python3.10/site-packages:${PYTHONPATH} /usr/bin/python3 -W ignore:setup.py install is deprecated -W ignore:easy_install command is deprecated setup.py egg_info --egg-base ../../build/meu_test build --build-base /home/evangelista/ros2_ws/build/meu_test/build install --record /home/evangelista/ros2_ws/build/meu_test/install.log --single-version-externally-managed
[1.682s] DEBUG:colcon.colcon_core.event_handler.log_command:Invoking command in '/home/evangelista/ros2_ws/build/pub_test': PYTHONPATH=/home/evangelista/ros2_ws/build/pub_test/prefix_override:/usr/lib/python3/dist-packages/colcon_core/task/python/colcon_distutils_commands:/home/evangelista/ros2_ws/install/pub_test/lib/python3.10/site-packages:${PYTHONPATH} /usr/bin/python3 -W ignore:setup.py install is deprecated -W ignore:easy_install command is deprecated setup.py develop --uninstall --editable --build-directory /home/evangelista/ros2_ws/build/pub_test/build
[2.080s] DEBUG:colcon.colcon_core.event_handler.log_command:Invoked command in '/home/evangelista/ros2_ws/src/meu_test' returned '0': PYTHONPATH=/home/evangelista/ros2_ws/build/meu_test/prefix_override:/usr/lib/python3/dist-packages/colcon_core/task/python/colcon_distutils_commands:/home/evangelista/ros2_ws/install/meu_test/lib/python3.10/site-packages:${PYTHONPATH} /usr/bin/python3 -W ignore:setup.py install is deprecated -W ignore:easy_install command is deprecated setup.py egg_info --egg-base ../../build/meu_test build --build-base /home/evangelista/ros2_ws/build/meu_test/build install --record /home/evangelista/ros2_ws/build/meu_test/install.log --single-version-externally-managed
[2.082s] Level 1:colcon.colcon_core.environment:checking '/home/evangelista/ros2_ws/install/meu_test' for CMake module files
[2.083s] Level 1:colcon.colcon_core.environment:checking '/home/evangelista/ros2_ws/install/meu_test' for CMake config files
[2.084s] Level 1:colcon.colcon_core.environment:checking '/home/evangelista/ros2_ws/install/meu_test/lib'
[2.084s] Level 1:colcon.colcon_core.environment:checking '/home/evangelista/ros2_ws/install/meu_test/bin'
[2.084s] Level 1:colcon.colcon_core.environment:checking '/home/evangelista/ros2_ws/install/meu_test/lib/pkgconfig/meu_test.pc'
[2.084s] Level 1:colcon.colcon_core.environment:checking '/home/evangelista/ros2_ws/install/meu_test/lib/python3.10/site-packages'
[2.084s] Level 1:colcon.colcon_core.shell:create_environment_hook('meu_test', 'pythonpath')
[2.085s] INFO:colcon.colcon_core.shell:Creating environment hook '/home/evangelista/ros2_ws/install/meu_test/share/meu_test/hook/pythonpath.ps1'
[2.085s] INFO:colcon.colcon_core.shell:Creating environment descriptor '/home/evangelista/ros2_ws/install/meu_test/share/meu_test/hook/pythonpath.dsv'
[2.085s] INFO:colcon.colcon_core.shell:Creating environment hook '/home/evangelista/ros2_ws/install/meu_test/share/meu_test/hook/pythonpath.sh'
[2.086s] Level 1:colcon.colcon_core.environment:checking '/home/evangelista/ros2_ws/install/meu_test/bin'
[2.086s] Level 1:colcon.colcon_core.environment:create_environment_scripts_only(meu_test)
[2.086s] INFO:colcon.colcon_core.shell:Creating package script '/home/evangelista/ros2_ws/install/meu_test/share/meu_test/package.ps1'
[2.087s] INFO:colcon.colcon_core.shell:Creating package descriptor '/home/evangelista/ros2_ws/install/meu_test/share/meu_test/package.dsv'
[2.088s] INFO:colcon.colcon_core.shell:Creating package script '/home/evangelista/ros2_ws/install/meu_test/share/meu_test/package.sh'
[2.089s] INFO:colcon.colcon_core.shell:Creating package script '/home/evangelista/ros2_ws/install/meu_test/share/meu_test/package.bash'
[2.089s] INFO:colcon.colcon_core.shell:Creating package script '/home/evangelista/ros2_ws/install/meu_test/share/meu_test/package.zsh'
[2.090s] Level 1:colcon.colcon_core.environment:create_file_with_runtime_dependencies(/home/evangelista/ros2_ws/install/meu_test/share/colcon-core/packages/meu_test)
[2.223s] DEBUG:colcon.colcon_core.event_handler.log_command:Invoked command in '/home/evangelista/ros2_ws/build/pub_test' returned '0': PYTHONPATH=/home/evangelista/ros2_ws/build/pub_test/prefix_override:/usr/lib/python3/dist-packages/colcon_core/task/python/colcon_distutils_commands:/home/evangelista/ros2_ws/install/pub_test/lib/python3.10/site-packages:${PYTHONPATH} /usr/bin/python3 -W ignore:setup.py install is deprecated -W ignore:easy_install command is deprecated setup.py develop --uninstall --editable --build-directory /home/evangelista/ros2_ws/build/pub_test/build
[2.224s] DEBUG:colcon.colcon_core.event_handler.log_command:Invoking command in '/home/evangelista/ros2_ws/src/pub_test': PYTHONPATH=/home/evangelista/ros2_ws/build/pub_test/prefix_override:/usr/lib/python3/dist-packages/colcon_core/task/python/colcon_distutils_commands:/home/evangelista/ros2_ws/install/pub_test/lib/python3.10/site-packages:${PYTHONPATH} /usr/bin/python3 -W ignore:setup.py install is deprecated -W ignore:easy_install command is deprecated setup.py egg_info --egg-base ../../build/pub_test build --build-base /home/evangelista/ros2_ws/build/pub_test/build install --record /home/evangelista/ros2_ws/build/pub_test/install.log --single-version-externally-managed install_data --force
[2.506s] Level 1:colcon.colcon_core.environment:checking '/home/evangelista/ros2_ws/install/pub_test' for CMake module files
[2.506s] DEBUG:colcon.colcon_core.event_handler.log_command:Invoked command in '/home/evangelista/ros2_ws/src/pub_test' returned '0': PYTHONPATH=/home/evangelista/ros2_ws/build/pub_test/prefix_override:/usr/lib/python3/dist-packages/colcon_core/task/python/colcon_distutils_commands:/home/evangelista/ros2_ws/install/pub_test/lib/python3.10/site-packages:${PYTHONPATH} /usr/bin/python3 -W ignore:setup.py install is deprecated -W ignore:easy_install command is deprecated setup.py egg_info --egg-base ../../build/pub_test build --build-base /home/evangelista/ros2_ws/build/pub_test/build install --record /home/evangelista/ros2_ws/build/pub_test/install.log --single-version-externally-managed install_data --force
[2.507s] Level 1:colcon.colcon_core.environment:checking '/home/evangelista/ros2_ws/install/pub_test' for CMake config files
[2.507s] Level 1:colcon.colcon_core.environment:checking '/home/evangelista/ros2_ws/install/pub_test/lib'
[2.508s] Level 1:colcon.colcon_core.environment:checking '/home/evangelista/ros2_ws/install/pub_test/bin'
[2.508s] Level 1:colcon.colcon_core.environment:checking '/home/evangelista/ros2_ws/install/pub_test/lib/pkgconfig/pub_test.pc'
[2.508s] Level 1:colcon.colcon_core.environment:checking '/home/evangelista/ros2_ws/install/pub_test/lib/python3.10/site-packages'
[2.508s] Level 1:colcon.colcon_core.shell:create_environment_hook('pub_test', 'pythonpath')
[2.508s] INFO:colcon.colcon_core.shell:Creating environment hook '/home/evangelista/ros2_ws/install/pub_test/share/pub_test/hook/pythonpath.ps1'
[2.509s] INFO:colcon.colcon_core.shell:Creating environment descriptor '/home/evangelista/ros2_ws/install/pub_test/share/pub_test/hook/pythonpath.dsv'
[2.509s] INFO:colcon.colcon_core.shell:Creating environment hook '/home/evangelista/ros2_ws/install/pub_test/share/pub_test/hook/pythonpath.sh'
[2.510s] Level 1:colcon.colcon_core.environment:checking '/home/evangelista/ros2_ws/install/pub_test/bin'
[2.510s] Level 1:colcon.colcon_core.environment:create_environment_scripts_only(pub_test)
[2.510s] INFO:colcon.colcon_core.shell:Creating package script '/home/evangelista/ros2_ws/install/pub_test/share/pub_test/package.ps1'
[2.511s] INFO:colcon.colcon_core.shell:Creating package descriptor '/home/evangelista/ros2_ws/install/pub_test/share/pub_test/package.dsv'
[2.511s] INFO:colcon.colcon_core.shell:Creating package script '/home/evangelista/ros2_ws/install/pub_test/share/pub_test/package.sh'
[2.511s] INFO:colcon.colcon_core.shell:Creating package script '/home/evangelista/ros2_ws/install/pub_test/share/pub_test/package.bash'
[2.511s] INFO:colcon.colcon_core.shell:Creating package script '/home/evangelista/ros2_ws/install/pub_test/share/pub_test/package.zsh'
[2.512s] Level 1:colcon.colcon_core.environment:create_file_with_runtime_dependencies(/home/evangelista/ros2_ws/install/pub_test/share/colcon-core/packages/pub_test)
[2.512s] DEBUG:colcon.colcon_parallel_executor.executor.parallel:closing loop
[2.513s] DEBUG:colcon.colcon_parallel_executor.executor.parallel:loop closed
[2.513s] DEBUG:colcon.colcon_parallel_executor.executor.parallel:run_until_complete finished with '0'
[2.513s] DEBUG:colcon.colcon_core.event_reactor:joining thread
[2.517s] INFO:colcon.colcon_core.plugin_system:Skipping extension 'colcon_notification.desktop_notification.terminal_notifier': Not used on non-Darwin systems
[2.517s] INFO:colcon.colcon_core.plugin_system:Skipping extension 'colcon_notification.desktop_notification.win32': Not used on non-Windows systems
[2.517s] INFO:colcon.colcon_notification.desktop_notification:Sending desktop notification using 'notify2'
[2.518s] DEBUG:colcon.colcon_notification.desktop_notification.notify2:Failed to initialize notify2: org.freedesktop.DBus.Error.FileNotFound: Failed to connect to socket /run/user/1000/bus: No such file or directory
[2.518s] DEBUG:colcon.colcon_core.event_reactor:joined thread
[2.518s] INFO:colcon.colcon_core.shell:Creating prefix script '/home/evangelista/ros2_ws/install/local_setup.ps1'
[2.519s] INFO:colcon.colcon_core.shell:Creating prefix util module '/home/evangelista/ros2_ws/install/_local_setup_util_ps1.py'
[2.520s] INFO:colcon.colcon_core.shell:Creating prefix chain script '/home/evangelista/ros2_ws/install/setup.ps1'
[2.520s] INFO:colcon.colcon_core.shell:Creating prefix script '/home/evangelista/ros2_ws/install/local_setup.sh'
[2.521s] INFO:colcon.colcon_core.shell:Creating prefix util module '/home/evangelista/ros2_ws/install/_local_setup_util_sh.py'
[2.521s] INFO:colcon.colcon_core.shell:Creating prefix chain script '/home/evangelista/ros2_ws/install/setup.sh'
[2.522s] INFO:colcon.colcon_core.shell:Creating prefix script '/home/evangelista/ros2_ws/install/local_setup.bash'
[2.522s] INFO:colcon.colcon_core.shell:Creating prefix chain script '/home/evangelista/ros2_ws/install/setup.bash'
[2.523s] INFO:colcon.colcon_core.shell:Creating prefix script '/home/evangelista/ros2_ws/install/local_setup.zsh'
[2.523s] INFO:colcon.colcon_core.shell:Creating prefix chain script '/home/evangelista/ros2_ws/install/setup.zsh'
