[1.013s] Invoking command in '/home/evangelista/ros2_ws/src/meu_robo': PYTHONPATH=/home/evangelista/ros2_ws/build/meu_robo/prefix_override:/usr/lib/python3/dist-packages/colcon_core/task/python/colcon_distutils_commands:/home/evangelista/ros2_ws/install/meu_robo/lib/python3.10/site-packages:${PYTHONPATH} /usr/bin/python3 -W ignore:setup.py install is deprecated -W ignore:easy_install command is deprecated setup.py egg_info --egg-base ../../build/meu_robo build --build-base /home/evangelista/ros2_ws/build/meu_robo/build install --record /home/evangelista/ros2_ws/build/meu_robo/install.log --single-version-externally-managed install_data
[1.304s] running egg_info
[1.305s] writing ../../build/meu_robo/meu_robo.egg-info/PKG-INFO
[1.305s] writing dependency_links to ../../build/meu_robo/meu_robo.egg-info/dependency_links.txt
[1.306s] writing entry points to ../../build/meu_robo/meu_robo.egg-info/entry_points.txt
[1.306s] writing requirements to ../../build/meu_robo/meu_robo.egg-info/requires.txt
[1.306s] writing top-level names to ../../build/meu_robo/meu_robo.egg-info/top_level.txt
[1.308s] reading manifest file '../../build/meu_robo/meu_robo.egg-info/SOURCES.txt'
[1.309s] writing manifest file '../../build/meu_robo/meu_robo.egg-info/SOURCES.txt'
[1.309s] running build
[1.309s] running build_py
[1.310s] copying meu_robo/publicador_urdf.py -> /home/evangelista/ros2_ws/build/meu_robo/build/lib/meu_robo
[1.310s] running install
[1.310s] running install_lib
[1.311s] copying /home/evangelista/ros2_ws/build/meu_robo/build/lib/meu_robo/publicador_urdf.py -> /home/evangelista/ros2_ws/install/meu_robo/lib/python3.10/site-packages/meu_robo
[1.312s] byte-compiling /home/evangelista/ros2_ws/install/meu_robo/lib/python3.10/site-packages/meu_robo/publicador_urdf.py to publicador_urdf.cpython-310.pyc
[1.312s] running install_data
[1.319s] running install_egg_info
[1.319s] removing '/home/evangelista/ros2_ws/install/meu_robo/lib/python3.10/site-packages/meu_robo-0.0.0-py3.10.egg-info' (and everything under it)
[1.319s] Copying ../../build/meu_robo/meu_robo.egg-info to /home/evangelista/ros2_ws/install/meu_robo/lib/python3.10/site-packages/meu_robo-0.0.0-py3.10.egg-info
[1.319s] running install_scripts
[1.345s] Installing controle script to /home/evangelista/ros2_ws/install/meu_robo/lib/meu_robo
[1.346s] Installing publicador_urdf script to /home/evangelista/ros2_ws/install/meu_robo/lib/meu_robo
[1.346s] writing list of installed files to '/home/evangelista/ros2_ws/build/meu_robo/install.log'
[1.392s] Invoked command in '/home/evangelista/ros2_ws/src/meu_robo' returned '0': PYTHONPATH=/home/evangelista/ros2_ws/build/meu_robo/prefix_override:/usr/lib/python3/dist-packages/colcon_core/task/python/colcon_distutils_commands:/home/evangelista/ros2_ws/install/meu_robo/lib/python3.10/site-packages:${PYTHONPATH} /usr/bin/python3 -W ignore:setup.py install is deprecated -W ignore:easy_install command is deprecated setup.py egg_info --egg-base ../../build/meu_robo build --build-base /home/evangelista/ros2_ws/build/meu_robo/build install --record /home/evangelista/ros2_ws/build/meu_robo/install.log --single-version-externally-managed install_data
